<?xml version="1.0" encoding="UTF-8"?>
<testng-results skipped="0" failed="0" total="1" passed="1">
  <reporter-output>
  </reporter-output>
  <suite name="Default suite" duration-ms="22" started-at="2012-08-03T00:13:48Z" finished-at="2012-08-03T00:13:48Z">
    <groups>
    </groups>
    <test name="Default test" duration-ms="22" started-at="2012-08-03T00:13:48Z" finished-at="2012-08-03T00:13:48Z">
      <class name="com.betfair.poker.player.PlayerTest">
        <test-method status="PASS" signature="anothertEst()[pri:0, instance:com.betfair.poker.player.PlayerTest@535b58]" name="anothertEst" duration-ms="12" started-at="2012-08-02T17:13:48Z" finished-at="2012-08-02T17:13:48Z">
          <reporter-output>
          </reporter-output>
        </test-method> <!-- anothertEst -->
      </class> <!-- com.betfair.poker.player.PlayerTest -->
    </test> <!-- Default test -->
  </suite> <!-- Default suite -->
</testng-results>
